<?xml version="1.0" encoding="UTF-8"?>
<!-- Generated by org.testng.reporters.JUnitReportReporter -->
<testsuite hostname="LAPTOP-3NPM5AHR" failures="0" tests="3" name="com.genix.Login.LoginIndex" time="18.323" errors="0" timestamp="2022-09-05T16:39:17 IST" skipped="0">
  <testcase classname="com.genix.Login.LoginIndex" name="logout" time="5.171"/>
  <system-out>
    <![CDATA[Logging out.</br>
<Strong><b>TC_05 logout is passed.</b></font></strong></br>]]>
  </system-out>
  <testcase classname="com.genix.Login.LoginIndex" name="login" time="3.173"/>
  <system-out>
    <![CDATA[Open URL : https://www.saucedemo.com/inventory.html</br>
Do login with valid email and password.</br>
Do login with valid username and password.</br>
<Strong><b>TC_01 Login is passed.</b></font></strong></br>]]>
  </system-out>
  <testcase classname="com.genix.Login.LoginIndex" name="selectProduct" time="9.979"/>
  <system-out>
    <![CDATA[Click on product.</br>
Product loaded in cart. <Strong><font color=#32cd32><b> &#10004 Pass</b></font></strong></br>
<Strong><b>TC_02 Select Add Product is passed.</b></font></strong></br>]]>
  </system-out>
</testsuite> <!-- com.genix.Login.LoginIndex -->
